<?xml version="1.0" encoding="UTF-8"?>
<testsuite xmlns:xsi="http://www.w3.org/2001/XMLSchema-instance" xsi:noNamespaceSchemaLocation="https://maven.apache.org/surefire/maven-surefire-plugin/xsd/surefire-test-report.xsd" name="ru.greenatom.atombridge.IFlowTest" time="0.243" tests="1" errors="0" skipped="0" failures="0">
  <properties>
    <property name="sun.desktop" value="windows"/>
    <property name="awt.toolkit" value="sun.awt.windows.WToolkit"/>
    <property name="java.specification.version" value="11"/>
    <property name="sun.cpu.isalist" value="amd64"/>
    <property name="sun.jnu.encoding" value="Cp1251"/>
    <property name="java.class.path" value="C:\Users\Master\IdeaProjects\newPoVideoGreen\custom-processor\nifi-custom-processor-processors\target\test-classes;C:\Users\Master\IdeaProjects\newPoVideoGreen\custom-processor\nifi-custom-processor-processors\target\classes;C:\Users\Master\.m2\repository\org\apache\nifi\nifi-api\1.12.1\nifi-api-1.12.1.jar;C:\Users\Master\.m2\repository\org\apache\nifi\nifi-utils\1.12.1\nifi-utils-1.12.1.jar;C:\Users\Master\.m2\repository\javax\xml\bind\jaxb-api\2.3.0\jaxb-api-2.3.0.jar;C:\Users\Master\.m2\repository\com\sun\xml\bind\jaxb-core\2.3.0\jaxb-core-2.3.0.jar;C:\Users\Master\.m2\repository\com\sun\xml\bind\jaxb-impl\2.3.0\jaxb-impl-2.3.0.jar;C:\Users\Master\.m2\repository\org\apache\nifi\nifi-mock\1.12.1\nifi-mock-1.12.1.jar;C:\Users\Master\.m2\repository\org\apache\nifi\nifi-framework-api\1.12.1\nifi-framework-api-1.12.1.jar;C:\Users\Master\.m2\repository\org\apache\nifi\nifi-parameter\1.12.1\nifi-parameter-1.12.1.jar;C:\Users\Master\.m2\repository\org\apache\nifi\nifi-expression-language\1.12.1\nifi-expression-language-1.12.1.jar;C:\Users\Master\.m2\repository\org\antlr\antlr-runtime\3.5.2\antlr-runtime-3.5.2.jar;C:\Users\Master\.m2\repository\com\jayway\jsonpath\json-path\2.4.0\json-path-2.4.0.jar;C:\Users\Master\.m2\repository\net\minidev\json-smart\2.3\json-smart-2.3.jar;C:\Users\Master\.m2\repository\net\minidev\accessors-smart\1.2\accessors-smart-1.2.jar;C:\Users\Master\.m2\repository\org\ow2\asm\asm\5.0.4\asm-5.0.4.jar;C:\Users\Master\.m2\repository\com\fasterxml\jackson\core\jackson-databind\2.9.10.5\jackson-databind-2.9.10.5.jar;C:\Users\Master\.m2\repository\com\fasterxml\jackson\core\jackson-annotations\2.9.10\jackson-annotations-2.9.10.jar;C:\Users\Master\.m2\repository\com\fasterxml\jackson\core\jackson-core\2.9.10\jackson-core-2.9.10.jar;C:\Users\Master\.m2\repository\org\apache\commons\commons-text\1.8\commons-text-1.8.jar;C:\Users\Master\.m2\repository\org\apache\commons\commons-lang3\3.9\commons-lang3-3.9.jar;C:\Users\Master\.m2\repository\commons-codec\commons-codec\1.14\commons-codec-1.14.jar;C:\Users\Master\.m2\repository\org\apache\nifi\nifi-data-provenance-utils\1.12.1\nifi-data-provenance-utils-1.12.1.jar;C:\Users\Master\.m2\repository\org\apache\nifi\nifi-security-utils\1.12.1\nifi-security-utils-1.12.1.jar;C:\Users\Master\.m2\repository\org\apache\nifi\nifi-security-utils-api\1.12.1\nifi-security-utils-api-1.12.1.jar;C:\Users\Master\.m2\repository\org\bouncycastle\bcpkix-jdk15on\1.66\bcpkix-jdk15on-1.66.jar;C:\Users\Master\.m2\repository\at\favre\lib\bcrypt\0.9.0\bcrypt-0.9.0.jar;C:\Users\Master\.m2\repository\at\favre\lib\bytes\1.3.0\bytes-1.3.0.jar;C:\Users\Master\.m2\repository\org\apache\commons\commons-configuration2\2.7\commons-configuration2-2.7.jar;C:\Users\Master\.m2\repository\commons-logging\commons-logging\1.2\commons-logging-1.2.jar;C:\Users\Master\.m2\repository\com\sun\activation\javax.activation\1.2.0\javax.activation-1.2.0.jar;C:\Users\Master\.m2\repository\org\bouncycastle\bcprov-jdk15on\1.66\bcprov-jdk15on-1.66.jar;C:\Users\Master\.m2\repository\org\apache\nifi\nifi-properties-loader\1.12.1\nifi-properties-loader-1.12.1.jar;C:\Users\Master\.m2\repository\org\apache\nifi\nifi-properties\1.12.1\nifi-properties-1.12.1.jar;C:\Users\Master\.m2\repository\org\slf4j\slf4j-simple\1.7.30\slf4j-simple-1.7.30.jar;C:\Users\Master\.m2\repository\org\slf4j\slf4j-api\1.7.30\slf4j-api-1.7.30.jar;C:\Users\Master\.m2\repository\junit\junit\4.13\junit-4.13.jar;C:\Users\Master\.m2\repository\org\hamcrest\hamcrest-core\1.3\hamcrest-core-1.3.jar;C:\Users\Master\.m2\repository\org\mockito\mockito-core\2.28.2\mockito-core-2.28.2.jar;C:\Users\Master\.m2\repository\net\bytebuddy\byte-buddy\1.9.10\byte-buddy-1.9.10.jar;C:\Users\Master\.m2\repository\net\bytebuddy\byte-buddy-agent\1.9.10\byte-buddy-agent-1.9.10.jar;C:\Users\Master\.m2\repository\org\objenesis\objenesis\2.6\objenesis-2.6.jar;C:\Users\Master\.m2\repository\org\codehaus\groovy\groovy-test\2.5.6\groovy-test-2.5.6.jar;C:\Users\Master\.m2\repository\org\codehaus\groovy\groovy\2.5.6\groovy-2.5.6.jar;"/>
    <property name="java.vm.vendor" value="Oracle Corporation"/>
    <property name="sun.arch.data.model" value="64"/>
    <property name="user.variant" value=""/>
    <property name="java.vendor.url" value="http://java.oracle.com/"/>
    <property name="user.timezone" value="Europe/Moscow"/>
    <property name="java.vm.specification.version" value="11"/>
    <property name="os.name" value="Windows 10"/>
    <property name="sun.java.launcher" value="SUN_STANDARD"/>
    <property name="user.country" value="RU"/>
    <property name="sun.boot.library.path" value="C:\Program Files\Java\jdk-11.0.0.1\bin"/>
    <property name="sun.java.command" value="C:\Users\Master\AppData\Local\Temp\surefire10809151884848098929\surefirebooter16404269009487859687.jar C:\Users\Master\AppData\Local\Temp\surefire10809151884848098929 2023-07-25T19-35-42_936-jvmRun1 surefire8621281816940611981tmp surefire_015554278309893728209tmp"/>
    <property name="jdk.debug" value="release"/>
    <property name="surefire.test.class.path" value="C:\Users\Master\IdeaProjects\newPoVideoGreen\custom-processor\nifi-custom-processor-processors\target\test-classes;C:\Users\Master\IdeaProjects\newPoVideoGreen\custom-processor\nifi-custom-processor-processors\target\classes;C:\Users\Master\.m2\repository\org\apache\nifi\nifi-api\1.12.1\nifi-api-1.12.1.jar;C:\Users\Master\.m2\repository\org\apache\nifi\nifi-utils\1.12.1\nifi-utils-1.12.1.jar;C:\Users\Master\.m2\repository\javax\xml\bind\jaxb-api\2.3.0\jaxb-api-2.3.0.jar;C:\Users\Master\.m2\repository\com\sun\xml\bind\jaxb-core\2.3.0\jaxb-core-2.3.0.jar;C:\Users\Master\.m2\repository\com\sun\xml\bind\jaxb-impl\2.3.0\jaxb-impl-2.3.0.jar;C:\Users\Master\.m2\repository\org\apache\nifi\nifi-mock\1.12.1\nifi-mock-1.12.1.jar;C:\Users\Master\.m2\repository\org\apache\nifi\nifi-framework-api\1.12.1\nifi-framework-api-1.12.1.jar;C:\Users\Master\.m2\repository\org\apache\nifi\nifi-parameter\1.12.1\nifi-parameter-1.12.1.jar;C:\Users\Master\.m2\repository\org\apache\nifi\nifi-expression-language\1.12.1\nifi-expression-language-1.12.1.jar;C:\Users\Master\.m2\repository\org\antlr\antlr-runtime\3.5.2\antlr-runtime-3.5.2.jar;C:\Users\Master\.m2\repository\com\jayway\jsonpath\json-path\2.4.0\json-path-2.4.0.jar;C:\Users\Master\.m2\repository\net\minidev\json-smart\2.3\json-smart-2.3.jar;C:\Users\Master\.m2\repository\net\minidev\accessors-smart\1.2\accessors-smart-1.2.jar;C:\Users\Master\.m2\repository\org\ow2\asm\asm\5.0.4\asm-5.0.4.jar;C:\Users\Master\.m2\repository\com\fasterxml\jackson\core\jackson-databind\2.9.10.5\jackson-databind-2.9.10.5.jar;C:\Users\Master\.m2\repository\com\fasterxml\jackson\core\jackson-annotations\2.9.10\jackson-annotations-2.9.10.jar;C:\Users\Master\.m2\repository\com\fasterxml\jackson\core\jackson-core\2.9.10\jackson-core-2.9.10.jar;C:\Users\Master\.m2\repository\org\apache\commons\commons-text\1.8\commons-text-1.8.jar;C:\Users\Master\.m2\repository\org\apache\commons\commons-lang3\3.9\commons-lang3-3.9.jar;C:\Users\Master\.m2\repository\commons-codec\commons-codec\1.14\commons-codec-1.14.jar;C:\Users\Master\.m2\repository\org\apache\nifi\nifi-data-provenance-utils\1.12.1\nifi-data-provenance-utils-1.12.1.jar;C:\Users\Master\.m2\repository\org\apache\nifi\nifi-security-utils\1.12.1\nifi-security-utils-1.12.1.jar;C:\Users\Master\.m2\repository\org\apache\nifi\nifi-security-utils-api\1.12.1\nifi-security-utils-api-1.12.1.jar;C:\Users\Master\.m2\repository\org\bouncycastle\bcpkix-jdk15on\1.66\bcpkix-jdk15on-1.66.jar;C:\Users\Master\.m2\repository\at\favre\lib\bcrypt\0.9.0\bcrypt-0.9.0.jar;C:\Users\Master\.m2\repository\at\favre\lib\bytes\1.3.0\bytes-1.3.0.jar;C:\Users\Master\.m2\repository\org\apache\commons\commons-configuration2\2.7\commons-configuration2-2.7.jar;C:\Users\Master\.m2\repository\commons-logging\commons-logging\1.2\commons-logging-1.2.jar;C:\Users\Master\.m2\repository\com\sun\activation\javax.activation\1.2.0\javax.activation-1.2.0.jar;C:\Users\Master\.m2\repository\org\bouncycastle\bcprov-jdk15on\1.66\bcprov-jdk15on-1.66.jar;C:\Users\Master\.m2\repository\org\apache\nifi\nifi-properties-loader\1.12.1\nifi-properties-loader-1.12.1.jar;C:\Users\Master\.m2\repository\org\apache\nifi\nifi-properties\1.12.1\nifi-properties-1.12.1.jar;C:\Users\Master\.m2\repository\org\slf4j\slf4j-simple\1.7.30\slf4j-simple-1.7.30.jar;C:\Users\Master\.m2\repository\org\slf4j\slf4j-api\1.7.30\slf4j-api-1.7.30.jar;C:\Users\Master\.m2\repository\junit\junit\4.13\junit-4.13.jar;C:\Users\Master\.m2\repository\org\hamcrest\hamcrest-core\1.3\hamcrest-core-1.3.jar;C:\Users\Master\.m2\repository\org\mockito\mockito-core\2.28.2\mockito-core-2.28.2.jar;C:\Users\Master\.m2\repository\net\bytebuddy\byte-buddy\1.9.10\byte-buddy-1.9.10.jar;C:\Users\Master\.m2\repository\net\bytebuddy\byte-buddy-agent\1.9.10\byte-buddy-agent-1.9.10.jar;C:\Users\Master\.m2\repository\org\objenesis\objenesis\2.6\objenesis-2.6.jar;C:\Users\Master\.m2\repository\org\codehaus\groovy\groovy-test\2.5.6\groovy-test-2.5.6.jar;C:\Users\Master\.m2\repository\org\codehaus\groovy\groovy\2.5.6\groovy-2.5.6.jar;"/>
    <property name="sun.cpu.endian" value="little"/>
    <property name="user.home" value="C:\Users\Master"/>
    <property name="user.language" value="ru"/>
    <property name="java.specification.vendor" value="Oracle Corporation"/>
    <property name="java.version.date" value="2023-05-09"/>
    <property name="java.home" value="C:\Program Files\Java\jdk-11.0.0.1"/>
    <property name="file.separator" value="\"/>
    <property name="basedir" value="C:\Users\Master\IdeaProjects\newPoVideoGreen\custom-processor\nifi-custom-processor-processors"/>
    <property name="java.vm.compressedOopsMode" value="32-bit"/>
    <property name="line.separator" value="&#10;"/>
    <property name="java.specification.name" value="Java Platform API Specification"/>
    <property name="java.vm.specification.vendor" value="Oracle Corporation"/>
    <property name="java.awt.graphicsenv" value="sun.awt.Win32GraphicsEnvironment"/>
    <property name="java.awt.headless" value="true"/>
    <property name="surefire.real.class.path" value="C:\Users\Master\AppData\Local\Temp\surefire10809151884848098929\surefirebooter16404269009487859687.jar"/>
    <property name="user.script" value=""/>
    <property name="sun.management.compiler" value="HotSpot 64-Bit Tiered Compilers"/>
    <property name="java.runtime.version" value="11.0.0.1+3-5"/>
    <property name="user.name" value="Master"/>
    <property name="java.net.preferIPv4Stack" value="true"/>
    <property name="path.separator" value=";"/>
    <property name="os.version" value="10.0"/>
    <property name="java.runtime.name" value="OpenJDK Runtime Environment"/>
    <property name="file.encoding" value="UTF-8"/>
    <property name="java.vm.name" value="OpenJDK 64-Bit Server VM"/>
    <property name="java.vendor.version" value="18.9"/>
    <property name="localRepository" value="C:\Users\Master\.m2\repository"/>
    <property name="java.vendor.url.bug" value="http://bugreport.java.com/bugreport/"/>
    <property name="java.io.tmpdir" value="C:\Users\Master\AppData\Local\Temp\"/>
    <property name="idea.version" value="2023.1.3"/>
    <property name="java.version" value="11.0.0.1"/>
    <property name="user.dir" value="C:\Users\Master\IdeaProjects\newPoVideoGreen\custom-processor\nifi-custom-processor-processors"/>
    <property name="os.arch" value="amd64"/>
    <property name="java.vm.specification.name" value="Java Virtual Machine Specification"/>
    <property name="java.awt.printerjob" value="sun.awt.windows.WPrinterJob"/>
    <property name="sun.os.patch.level" value=""/>
    <property name="java.library.path" value="C:\Program Files\Java\jdk-11.0.0.1\bin;C:\WINDOWS\Sun\Java\bin;C:\WINDOWS\system32;C:\WINDOWS;C:\Program Files\Common Files\Oracle\Java\javapath;C:\Program Files (x86)\Common Files\Oracle\Java\javapath;C:\Program Files\Microsoft\jdk-11.0.16.101-hotspot\bin;C:\Program Files (x86)\Common Files\Intel\Shared Libraries\redist\intel64\compiler;C:\ProgramData\Oracle\Java\javapath;C:\WINDOWS\system32;C:\WINDOWS;C:\WINDOWS\System32\Wbem;C:\WINDOWS\System32\WindowsPowerShell\v1.0\;C:\WINDOWS\System32\OpenSSH\;C:\Program Files\NVIDIA Corporation\NVIDIA NvDLISR;C:\WINDOWS\system32;C:\WINDOWS;C:\WINDOWS\System32\Wbem;C:\WINDOWS\System32\WindowsPowerShell\v1.0\;C:\WINDOWS\System32\OpenSSH\;C:\Program Files\Microsoft SQL Server\130\Tools\Binn\;C:\Program Files (x86)\NVIDIA Corporation\PhysX\Common;C:\Program Files\dotnet\;C:\Program Files\Microsoft SQL Server\Client SDK\ODBC\170\Tools\Binn\;C:\Program Files\Git\cmd;C:\Program Files\Microsoft SQL Server\150\Tools\Binn\;C:\Program Files\Go\bin;C:\Program Files\Java\jdk-20\bin;C:\Program Files\apache-maven-3.9.3\bin;C:\Users\Master\AppData\Local\Programs\Python\Python37\Scripts\;C:\Users\Master\AppData\Local\Programs\Python\Python37\;C:\Program Files\MySQL\MySQL Shell 8.0\bin\;C:\Users\Master\AppData\Local\Microsoft\WindowsApps;C:\Program Files\Microsoft\jdk-11.0.16.101-hotspot\bin;E:\Microsoft VS Code\bin;C:\Users\Master\go\bin;D:\Android\flutter_windows_3.7.12-stable\flutter\bin;C:\Users\Master\.dotnet\tools;D:\Новая папка\IntelliJ IDEA 2023.1.3\bin;;C:\Program Files\Microsoft\jdk-11.0.16.101-hotspot\bin;;."/>
    <property name="java.vendor" value="Oracle Corporation"/>
    <property name="java.vm.info" value="mixed mode"/>
    <property name="java.vm.version" value="11.0.0.1+3-5"/>
    <property name="java.specification.maintenance.version" value="2"/>
    <property name="sun.io.unicode.encoding" value="UnicodeLittle"/>
    <property name="enforcer.skip" value="true"/>
    <property name="java.class.version" value="55.0"/>
  </properties>
  <testcase name="testProcessor" classname="ru.greenatom.atombridge.IFlowTest" time="0.201"/>
</testsuite>